\BOOKMARK [1][-]{section.1}{\376\377\137\353\220\037\230\204\211\310\173\200\116\313}{}% 1
\BOOKMARK [2][-]{subsection.1.1}{\376\377\121\163\225\056\142\200\147\057}{section.1}% 2
\BOOKMARK [2][-]{subsection.1.2}{\376\377\117\134\124\301\116\256\160\271}{section.1}% 3
\BOOKMARK [2][-]{subsection.1.3}{\376\377\143\007\150\007\213\364\146\016}{section.1}% 4
\BOOKMARK [1][-]{section.2}{\376\377\152\041\127\127\143\245\123\343\213\364\146\016}{}% 5
\BOOKMARK [1][-]{section.3}{\376\377\174\373\176\337\147\266\147\204\122\006\147\220}{}% 6
\BOOKMARK [2][-]{subsection.3.1}{\376\377\165\065\215\357\147\266\147\204}{section.3}% 7
\BOOKMARK [2][-]{subsection.3.2}{\376\377\152\041\127\127\116\000\377\032\165\065\123\213\127\372\121\306}{section.3}% 8
\BOOKMARK [2][-]{subsection.3.3}{\376\377\152\041\127\127\116\214\377\032\213\357\135\356\145\076\131\047\126\150}{section.3}% 9
\BOOKMARK [3][-]{subsubsection.3.3.1}{\376\377\173\054\116\000\176\247\145\076\131\047\126\150\122\006\147\220}{subsection.3.3}% 10
\BOOKMARK [3][-]{subsubsection.3.3.2}{\376\377\173\054\116\011\176\247\377\032\123\125\117\115\130\236\166\312\177\023\121\262\176\247}{subsection.3.3}% 11
\BOOKMARK [2][-]{subsection.3.4}{\376\377\152\041\127\127\116\011\377\032\226\120\155\101\152\041\127\127}{section.3}% 12
\BOOKMARK [2][-]{subsection.3.5}{\376\377\152\041\127\127\126\333\377\032\217\307\156\051\117\335\142\244\152\041\127\127}{section.3}% 13
\BOOKMARK [2][-]{subsection.3.6}{\376\377\152\041\127\127\116\224\377\032\145\160\133\127\152\041\127\127}{section.3}% 14
\BOOKMARK [2][-]{subsection.3.7}{\376\377\000P\000S\000R\000R\140\047\200\375\122\006\147\220}{section.3}% 15
\BOOKMARK [1][-]{section.4}{\376\377\116\377\167\037\176\323\147\234}{}% 16
\BOOKMARK [2][-]{subsection.4.1}{\376\377\000B\000a\000n\000d\000g\000a\000p\152\041\127\127}{section.4}% 17
\BOOKMARK [2][-]{subsection.4.2}{\376\377\000E\000r\000r\000o\000r\000\040\000A\000m\000p\000l\000i\000f\000i\000e\000r\152\041\127\127\116\377\167\037\176\323\147\234}{section.4}% 18
\BOOKMARK [2][-]{subsection.4.3}{\376\377\217\307\156\051\117\335\142\244\152\041\127\127}{section.4}% 19
\BOOKMARK [2][-]{subsection.4.4}{\376\377\217\307\155\101\117\335\142\244\152\041\127\127}{section.4}% 20
\BOOKMARK [2][-]{subsection.4.5}{\376\377\174\373\176\337\145\164\117\123\116\377\167\037\176\323\147\234}{section.4}% 21
\BOOKMARK [3][-]{subsubsection.4.5.1}{\376\377\165\065\123\213\165\065\155\101\217\223\121\372\200\375\122\233}{subsection.4.5}% 22
\BOOKMARK [3][-]{subsubsection.4.5.2}{\376\377\165\065\123\213\217\223\121\372\174\276\136\246}{subsection.4.5}% 23
\BOOKMARK [3][-]{subsubsection.4.5.3}{\376\377\174\373\176\337\000p\000s\000r\000r}{subsection.4.5}% 24
\BOOKMARK [3][-]{subsubsection.4.5.4}{\376\377\174\373\176\337\122\237\200\027}{subsection.4.5}% 25
\BOOKMARK [3][-]{subsubsection.4.5.5}{\376\377\174\373\176\337\117\335\142\244\122\237\200\375}{subsection.4.5}% 26
\BOOKMARK [1][-]{section.5}{\376\377\162\110\126\376\213\276\213\241}{}% 27
\BOOKMARK [2][-]{subsection.5.1}{\376\377\162\110\126\376\211\304\122\022}{section.5}% 28
\BOOKMARK [2][-]{subsection.5.2}{\376\377\000D\000R\000C\000/\000L\000V\000S\232\214\213\301}{section.5}% 29
\BOOKMARK [2][-]{subsection.5.3}{\376\377\124\016\116\377\232\214\213\301}{section.5}% 30
\BOOKMARK [1][-]{section.6}{\376\377\230\171\166\356\140\073\176\323}{}% 31
\BOOKMARK [2][-]{subsection.6.1}{\376\377\135\362\133\214\142\020\135\345\117\134}{section.6}% 32
\BOOKMARK [2][-]{subsection.6.2}{\376\377\227\000\211\201\145\071\217\333\166\204\220\350\122\006}{section.6}% 33
\BOOKMARK [2][-]{subsection.6.3}{\376\377\124\016\176\355\135\345\117\134}{section.6}% 34
\BOOKMARK [1][-]{Item.12}{\376\377\123\302\200\003\145\207\163\056}{}% 35
