This is LuaHBTeX, Version 1.21.0 (TeX Live 2025)  (format=lualatex 2025.6.13)  6 MAY 2026 16:47
 restricted system commands enabled.
**main.tex
(./main.tex
LaTeX2e <2024-11-01> patch level 2
L3 programming layer <2025-01-18>
Lua module: luaotfload 2024-12-03 v3.29 Lua based OpenType font support
Lua module: lualibs 2023-07-13 v2.76 ConTeXt Lua standard libraries.
Lua module: lualibs-extended 2023-07-13 v2.76 ConTeXt Lua libraries -- extended 
collection.
luaotfload | conf : Root cache directory is "C:/Users/DDDD/.texlive2025/texmf-va
r/luatex-cache/generic/names".
luaotfload | init : Loading fontloader "fontloader-2023-12-28.lua" from kpse-res
olved path "c:/texlive/2025/texmf-dist/tex/luatex/luaotfload/fontloader-2023-12-
28.lua".
Lua-only attribute luaotfload@noligature = 1
luaotfload | init : Context OpenType loader version 3.134
Inserting `luaotfload.node_processor' in `pre_linebreak_filter'.
Inserting `luaotfload.node_processor' in `hpack_filter'.
Inserting `luaotfload.glyph_stream' in `glyph_stream_provider'.
Inserting `luaotfload.define_font' in `define_font'.
Lua-only attribute luaotfload_color_attribute = 2
luaotfload | conf : Root cache directory is "C:/Users/DDDD/.texlive2025/texmf-va
r/luatex-cache/generic/names".
Inserting `luaotfload.harf.strip_prefix' in `find_opentype_file'.
Inserting `luaotfload.harf.strip_prefix' in `find_truetype_file'.
Removing  `luaotfload.glyph_stream' from `glyph_stream_provider'.
Inserting `luaotfload.harf.glyphstream' in `glyph_stream_provider'.
Inserting `luaotfload.harf.finalize_vlist' in `post_linebreak_filter'.
Inserting `luaotfload.harf.finalize_hlist' in `hpack_filter'.
Inserting `luaotfload.cleanup_files' in `wrapup_run'.
Inserting `luaotfload.harf.finalize_unicode' in `finish_pdffile'.
Inserting `luaotfload.glyphinfo' in `glyph_info'.
Lua-only attribute luaotfload.letterspace_done = 3
Inserting `luaotfload.aux.set_sscale_dimens' in `luaotfload.patch_font'.
Inserting `luaotfload.aux.set_font_index' in `luaotfload.patch_font'.
Inserting `luaotfload.aux.patch_cambria_domh' in `luaotfload.patch_font'.
Inserting `luaotfload.aux.fixup_fontdata' in `luaotfload.patch_font_unsafe'.
Inserting `luaotfload.aux.set_capheight' in `luaotfload.patch_font'.
Inserting `luaotfload.aux.set_xheight' in `luaotfload.patch_font'.
Inserting `luaotfload.rewrite_fontname' in `luaotfload.patch_font'.
Inserting `tracingstacklevels' in `input_level_string'. (c:/texlive/2025/texmf-
dist/tex/latex/base/article.cls
Document Class: article 2024/06/29 v1.4n Standard LaTeX document class
(c:/texlive/2025/texmf-dist/tex/latex/base/size12.clo
File: size12.clo 2024/06/29 v1.4n Standard LaTeX file (size option)
luaotfload | db : Font names database loaded from C:/Users/DDDD/.texlive2025/tex
mf-var/luatex-cache/generic/names/luaotfload-names.luc.gz)
\c@part=\count194
\c@section=\count195
\c@subsection=\count196
\c@subsubsection=\count197
\c@paragraph=\count198
\c@subparagraph=\count199
\c@figure=\count266
\c@table=\count267
\abovecaptionskip=\skip49
\belowcaptionskip=\skip50
\bibindent=\dimen140
)
(c:/texlive/2025/texmf-dist/tex/generic/iftex/iftex.sty
Package: iftex 2024/12/12 v1.0g TeX engine tests
)
(c:/texlive/2025/texmf-dist/tex/latex/fontspec/fontspec.sty
(c:/texlive/2025/texmf-dist/tex/latex/l3packages/xparse/xparse.sty
(c:/texlive/2025/texmf-dist/tex/latex/l3kernel/expl3.sty
Package: expl3 2025-01-18 L3 programming layer (loader) 

(c:/texlive/2025/texmf-dist/tex/latex/l3backend/l3backend-luatex.def
File: l3backend-luatex.def 2024-05-08 L3 backend support: PDF output (LuaTeX)
\l__color_backend_stack_int=\count268
Inserting `l3color' in `luaotfload.parse_color'.
\l__pdf_internal_box=\box52
))
Package: xparse 2024-08-16 L3 Experimental document command parser
)
Package: fontspec 2024/05/11 v2.9e Font selection for XeLaTeX and LuaLaTeX
Lua module: fontspec 2024/05/11 v2.9e Font selection for XeLaTeX and LuaLaTeX
(c:/texlive/2025/texmf-dist/tex/latex/fontspec/fontspec-luatex.sty
Package: fontspec-luatex 2024/05/11 v2.9e Font selection for XeLaTeX and LuaLaT
eX
\l__fontspec_script_int=\count269
\l__fontspec_language_int=\count270
\l__fontspec_strnum_int=\count271
\l__fontspec_tmp_int=\count272
\l__fontspec_tmpa_int=\count273
\l__fontspec_tmpb_int=\count274
\l__fontspec_tmpc_int=\count275
\l__fontspec_em_int=\count276
\l__fontspec_emdef_int=\count277
\l__fontspec_strong_int=\count278
\l__fontspec_strongdef_int=\count279
\l__fontspec_tmpa_dim=\dimen141
\l__fontspec_tmpb_dim=\dimen142
\l__fontspec_tmpc_dim=\dimen143

(c:/texlive/2025/texmf-dist/tex/latex/base/fontenc.sty
Package: fontenc 2021/04/29 v2.0v Standard LaTeX package
)
(c:/texlive/2025/texmf-dist/tex/latex/fontspec/fontspec.cfg)))
(c:/texlive/2025/texmf-dist/tex/luatex/luatexja/addons/luatexja-fontspec.sty
Package: luatexja-fontspec 2024-05-14 fontspec support of LuaTeX-ja

(c:/texlive/2025/texmf-dist/tex/latex/l3packages/l3keys2e/l3keys2e.sty
Package: l3keys2e 2024-08-16 LaTeX2e option processing using LaTeX3 keys
)
(c:/texlive/2025/texmf-dist/tex/luatex/luatexja/luatexja.sty
Package: luatexja 2025-02-08 Japanese Typesetting with Lua(La)TeX

(c:/texlive/2025/texmf-dist/tex/luatex/luatexja/luatexja-core.sty
Package: luatexja-core 2023-10-07 Core of LuaTeX-ja

(c:/texlive/2025/texmf-dist/tex/generic/infwarerr/infwarerr.sty
Package: infwarerr 2019/12/03 v1.5 Providing info/warning/error messages (HO)
)
(c:/texlive/2025/texmf-dist/tex/luatex/luatexbase/luatexbase.sty
Package: luatexbase 2015/10/04 v1.3 luatexbase interface to LuaTeX 

(c:/texlive/2025/texmf-dist/tex/luatex/ctablestack/ctablestack.sty
Package: ctablestack 2015/10/01 v1.0 Catcode table stable support
\@catcodetablestackcnt=\count280
)
\CatcodeTableOther=\catcodetable14
\CatcodeTableExpl=\catcodetable15
)
(c:/texlive/2025/texmf-dist/tex/generic/ltxcmds/ltxcmds.sty
Package: ltxcmds 2023-12-04 v1.26 LaTeX kernel commands for general use (HO)
)
(c:/texlive/2025/texmf-dist/tex/generic/pdftexcmds/pdftexcmds.sty
Package: pdftexcmds 2020-06-27 v0.33 Utility functions of pdfTeX for LuaTeX (HO
)
Package pdftexcmds Info: \pdf@primitive is available.
Package pdftexcmds Info: \pdf@ifprimitive is available.
Package pdftexcmds Info: \pdfdraftmode found.
\pdftexcmds@toks=\toks17
)
(c:/texlive/2025/texmf-dist/tex/latex/xkeyval/xkeyval.sty
Package: xkeyval 2022/06/16 v2.9 package option processing (HA)

(c:/texlive/2025/texmf-dist/tex/generic/xkeyval/xkeyval.tex
(c:/texlive/2025/texmf-dist/tex/generic/xkeyval/xkvutils.tex
\XKV@toks=\toks18
\XKV@tempa@toks=\toks19

(c:/texlive/2025/texmf-dist/tex/generic/xkeyval/keyval.tex))
\XKV@depth=\count281
File: xkeyval.tex 2014/12/03 v2.7a key=value parser (HA)
))
(c:/texlive/2025/texmf-dist/tex/latex/etoolbox/etoolbox.sty
Package: etoolbox 2025/02/11 v2.5l e-TeX tools for LaTeX (JAW)
\etb@tempcnta=\count282
)
(c:/texlive/2025/texmf-dist/tex/latex/everyhook/everyhook.sty
(c:/texlive/2025/texmf-dist/tex/latex/svn-prov/svn-prov.sty
Package: svn-prov 2010/04/24 v3.1862 Package Date/Version from SVN Keywords
)
Package: everyhook 2014/11/26 v1.2 (SVN Rev: 12)\ Hooks for low level TeX every
X primitives.
\everypar=\toks20
\frozen@everymath=\toks21
\frozen@everydisplay=\toks22
\everyhbox=\toks23
\everyvbox=\toks24
\everycr=\toks25
)
\ltjlineendcomment=\count283
\ltj@dimen@zw=\dimen144
\ltj@dimen@zh=\dimen145
\ltj@dimen@jQ=\dimen146
\ltj@icflag=\attribute4
\ltj@curjfnt=\attribute5
\ltj@curtfnt=\attribute6
\ltj@charclass=\attribute7
\ltj@charcode=\attribute8
\ltj@autospc=\attribute9
\ltj@autoxspc=\attribute10
\ltj@yablshift=\attribute11
\ltj@ykblshift=\attribute12
\ltj@tablshift=\attribute13
\ltj@tkblshift=\attribute14
\jfam=\attribute15
\ltj@vert@ori=\attribute16
\ltj@dir=\attribute17
\ltj@@japanese=\language2
\ltj@tempcnta=\count284
\ltj@tempdima=\dimen147
\ltj@@stack=\count285
\ltj@@group@level=\count286
\ltj@kcat0=\attribute18
\ltj@kcat1=\attribute19
\ltj@kcat2=\attribute20
\ltj@kcat3=\attribute21
\ltj@kcat4=\attribute22
\ltj@kcat5=\attribute23
\ltj@kcat6=\attribute24
Custom whatsit inhibitglue = 1
Custom whatsit stack_marker = 2
Custom whatsit begin_par = 3
Custom whatsit direction = 4
Custom whatsit box_boundary = 5
Custom whatsit ja_al_boundary = 6(load cache: ltj-cid-auto-adobe-japan1.luc)
Lua module: luatexja.charrange 2022-08-19 Handling the range of Japanese charact
ers
Lua module: luatexja.stack 2022-08-20 LuaTeX-ja stack system
Inserting `ltj.create_dir_whatsit' in `hpack_filter'.
Inserting `ltj.create_dir_whatsit' in `post_linebreak_filter'.
Inserting `ltj.direction' in `vpack_filter'.
Inserting `ltj.direction' in `pre_output_filter'.
Inserting `ltj.lineskip' in `post_linebreak_filter'.
Inserting `ltj.lineskip' in `append_to_vlist_filter'.
Lua module: luatexja.jfont 2024-07-25 Loader for Japanese fonts
Removing  `luaotfload.define_font' from `define_font'.
Inserting `luatexja.font_callback' in `define_font'.
Removing  `luaotfload.aux.set_sscale_dimens' from `luaotfload.patch_font'.
Removing  `luaotfload.aux.set_font_index' from `luaotfload.patch_font'.
Removing  `luaotfload.aux.patch_cambria_domh' from `luaotfload.patch_font'.
Removing  `luaotfload.aux.set_capheight' from `luaotfload.patch_font'.
Removing  `luaotfload.aux.set_xheight' from `luaotfload.patch_font'.
Removing  `luaotfload.rewrite_fontname' from `luaotfload.patch_font'.
Inserting `ltj.prepare_extra_data' in `luaotfload.patch_font'.
Inserting `luaotfload.aux.set_sscale_dimens' in `luaotfload.patch_font'.
Inserting `luaotfload.aux.set_font_index' in `luaotfload.patch_font'.
Inserting `luaotfload.aux.patch_cambria_domh' in `luaotfload.patch_font'.
Inserting `luaotfload.aux.set_capheight' in `luaotfload.patch_font'.
Inserting `luaotfload.aux.set_xheight' in `luaotfload.patch_font'.
Inserting `luaotfload.rewrite_fontname' in `luaotfload.patch_font'.
Inserting `ltj.prepare_extra_data' in `luatexja.define_font'.(load cache: extra_
lmroman12-regular.luc)(load cache: extra_lmroman12-bold.luc)
Inserting `ltj.get_vert_form' in `luatexja.define_jfont'.
Removing  `ltj.prepare_extra_data' from `luaotfload.patch_font'.
Removing  `luaotfload.aux.set_sscale_dimens' from `luaotfload.patch_font'.
Removing  `luaotfload.aux.set_font_index' from `luaotfload.patch_font'.
Removing  `luaotfload.aux.patch_cambria_domh' from `luaotfload.patch_font'.
Removing  `luaotfload.aux.set_capheight' from `luaotfload.patch_font'.
Removing  `luaotfload.aux.set_xheight' from `luaotfload.patch_font'.
Removing  `luaotfload.rewrite_fontname' from `luaotfload.patch_font'.
Inserting `ltj.supply_tounicode' in `luaotfload.patch_font'.
Inserting `ltj.prepare_extra_data' in `luaotfload.patch_font'.
Inserting `luaotfload.aux.set_sscale_dimens' in `luaotfload.patch_font'.
Inserting `luaotfload.aux.set_font_index' in `luaotfload.patch_font'.
Inserting `luaotfload.aux.patch_cambria_domh' in `luaotfload.patch_font'.
Inserting `luaotfload.aux.set_capheight' in `luaotfload.patch_font'.
Inserting `luaotfload.aux.set_xheight' in `luaotfload.patch_font'.
Inserting `luaotfload.rewrite_fontname' in `luaotfload.patch_font'.
Inserting `ltj.process_input_buffer' in `process_input_buffer'.
Inserting `ltj.hyphenate' in `hyphenate'.
Removing  `luaotfload.node_processor' from `hpack_filter'.
Removing  `luaotfload.harf.finalize_hlist' from `hpack_filter'.
Removing  `ltj.create_dir_whatsit' from `hpack_filter'.
Inserting `ltj.set_stack_level' in `hpack_filter'.
Inserting `luaotfload.node_processor' in `hpack_filter'.
Inserting `luaotfload.harf.finalize_hlist' in `hpack_filter'.
Inserting `ltj.create_dir_whatsit' in `hpack_filter'.
Removing  `luaotfload.node_processor' from `pre_linebreak_filter'.
Inserting `ltj.set_stack_level' in `pre_linebreak_filter'.
Inserting `luaotfload.node_processor' in `pre_linebreak_filter'.
Lua module: luatexja.jfmglue 2024-10-12 Insertion process of JFM glues, [x]kanji
skip and others
Inserting `luatexja.beginpar.np_info' in `luatexja.jfmglue.whatsit_getinfo'.
Inserting `luatexja.beginpar.np_info_after' in `luatexja.jfmglue.whatsit_after'.
Inserting `ltj.mlist_to_hlist_pre' in `pre_mlist_to_hlist_filter'.
Inserting `ltj.main' in `pre_linebreak_filter'.
Removing  `luaotfload.harf.finalize_hlist' from `hpack_filter'.
Removing  `ltj.create_dir_whatsit' from `hpack_filter'.
Inserting `ltj.main' in `hpack_filter'.
Inserting `luaotfload.harf.finalize_hlist' in `hpack_filter'.
Inserting `ltj.create_dir_whatsit' in `hpack_filter'.
Removing  `ltj.set_stack_level' from `pre_linebreak_filter'.
Removing  `luaotfload.node_processor' from `pre_linebreak_filter'.
Removing  `ltj.main' from `pre_linebreak_filter'.
Inserting `ltj.adjust_icflag' in `pre_linebreak_filter'.
Inserting `ltj.set_stack_level' in `pre_linebreak_filter'.
Inserting `luaotfload.node_processor' in `pre_linebreak_filter'.
Inserting `ltj.main' in `pre_linebreak_filter'.
Removing  `ltj.set_stack_level' from `hpack_filter'.
Removing  `luaotfload.node_processor' from `hpack_filter'.
Removing  `ltj.main' from `hpack_filter'.
Removing  `luaotfload.harf.finalize_hlist' from `hpack_filter'.
Removing  `ltj.create_dir_whatsit' from `hpack_filter'.
Inserting `ltj.adjust_icflag' in `hpack_filter'.
Inserting `ltj.set_stack_level' in `hpack_filter'.
Inserting `luaotfload.node_processor' in `hpack_filter'.
Inserting `ltj.main' in `hpack_filter'.
Inserting `luaotfload.harf.finalize_hlist' in `hpack_filter'.
Inserting `ltj.create_dir_whatsit' in `hpack_filter'.
(c:/texlive/2025/texmf-dist/tex/luatex/luatexja/ltj-base.sty
Package: ltj-base 2021-03-16
\ltj@tempcntb=\count287
\ltj@tempcntc=\count288
\ltj@afbox=\box53
)
\ltj@@italic@inner=\luafunction29
\ltj@@start@time@measure@inner=\luafunction30
\ltj@@stop@time@measure@inner=\luafunction31
\ltj@@jfont@inner=\luafunction32
\ltj@zw@inner=\luafunction33
\ltj@zh@inner=\luafunction34
\ltj@reset@globaldefs@inner=\luafunction35
\ltj@restore@globaldefs@inner=\luafunction36
\ltj@@disihb@inner=\luafunction37
\ltj@@ihb@inner=\luafunction38
\ltj@@fakeparbegin@inner=\luafunction39
\ltj@@fakeboxbdd@inner=\luafunction40
\ltj@@ins@xk@inner=\luafunction41
\ltj@@ins@k@inner=\luafunction42
\ltjsetkanjiskip@inner=\luafunction43
\ltjsetxkanjiskip@inner=\luafunction44
\ltj@@getparam@one@inner=\luafunction45
\ltj@alljachar@inner=\luafunction46
\ltj@@lua@populate@insertwhatsit@inner=\luafunction47
\ltj@@vadjust@begin@inner=\luafunction48
\ltj@@vadjust@dirhook@inner=\luafunction49
\ltj@@vadjust@check@dir@inner=\luafunction50
\ltj@@box@dirhook@inner=\luafunction51
\ltj@@reset@badness@inner=\luafunction52
\ltj@@lua@raisebox@inner=\luafunction53
\ltj@@vsplit@inner=\luafunction54
\ltj@@lua@unboxcheckdir@inner=\luafunction55
\ltj@@lua@uncopycheckdir@inner=\luafunction56
\ltj@@lua@uncopy@restore@whatsit@inner=\luafunction57
(load cache: ltj-kinsoku_default.luc)
(c:/texlive/2025/texmf-dist/tex/luatex/luatexja/ltj-latex.sty
Package: ltj-latex 2024-05-16 LaTeX support of LuaTeX-ja
Inserting `ltj.direction' in `pre_shipout_filter'.
(c:/texlive/2025/texmf-dist/tex/luatex/luatexja/patches/lltjfont.sty
Package: lltjfont 2023-05-16 Patch to NFSS2 for LuaTeX-ja
\ltj@@latex@plv=\count289

(c:/texlive/2025/texmf-dist/tex/latex/base/tuenc.def
File: tuenc.def 2021/04/29 v2.0v Standard LaTeX file
\@remove@tlig@@@=\luafunction58
LaTeX Font Info:    Redeclaring font encoding TU on input line 105.
)
\Cht=\dimen148
\cht=\dimen149
\Cdp=\dimen150
\cdp=\dimen151
\Cwd=\dimen152
\cwd=\dimen153
\Cvs=\dimen154
\cvs=\dimen155
\Chs=\dimen156
\chs=\dimen157
\cHT=\dimen158
\dstrutbox=\box54
\tstrutbox=\box55
\zstrutbox=\box56
LaTeX Info: Redefining \strut on input line 70.
\ltj@@add@fenc@@inner=\luafunction59
\ltj@@add@kyenc@@inner=\luafunction60
\ltj@@add@ktenc@@inner=\luafunction61
\ltj@@is@kyenc@@inner=\luafunction62
\ltj@@is@ktenc@@inner=\luafunction63
\ltj@@is@kenc@@inner=\luafunction64
\ltj@@is@ffam@@inner=\luafunction65
\ltj@@add@ffam@@inner=\luafunction66
\ltj@@add@kfam@@inner=\luafunction67
\ltj@@adjust@baseline@inner=\luafunction68
LaTeX Info: Redefining \fontencoding on input line 572.
LaTeX Info: Redefining \fontfamily on input line 615.
LaTeX Info: Redefining \fontseries on input line 769.
LaTeX Info: Redefining \fontseriesforce on input line 770.
LaTeX Info: Redefining \fontshape on input line 778.
LaTeX Info: Redefining \fontshapeforce on input line 789.
\ltj@@jfont@@jfmonly@@inner=\luafunction69
\ltj@@does@alt@set@@inner=\luafunction70
\ltj@@cipath@clear@inner=\luafunction71
)
(c:/texlive/2025/texmf-dist/tex/luatex/luatexja/patches/lltjdefs.sty
Package: lltjdefs 2024-05-16 Default font settings of LuaTeX-ja
(load cache: extra_lmroman10-regular.luc)
LaTeX Font Info:    Font shape `JT3/mc/m/n' will be
(Font)              scaled to size 9.6222pt on input line 69.

(c:/texlive/2025/texmf-dist/tex/luatex/luatexja/jfm-ujisv.lua)
LaTeX Font Info:    Font shape `JY3/mc/m/n' will be
(Font)              scaled to size 9.6222pt on input line 69.
(load cache: extra_haranoajimincho-regular.luc)
(c:/texlive/2025/texmf-dist/tex/luatex/luatexja/jfm-ujis.lua)
\symmincho=\mathgroup4
LaTeX Font Info:    Overwriting symbol font `mincho' in version `bold'
(Font)                  JY3/mc/m/n --> JY3/gt/m/n on input line 78.
)
(c:/texlive/2025/texmf-dist/tex/luatex/luatexja/patches/lltjcore.sty
Package: lltjcore 2025-01-12 Patch to LaTeX2e Kernel for LuaTeX-ja
\@tombowwidth=\dimen159
\@TL=\box57
\@Tl=\box58
\@TC=\box59
\@TR=\box60
\@Tr=\box61
\@BL=\box62
\@Bl=\box63
\@BC=\box64
\@BR=\box65
\@Br=\box66
\@CL=\box67
\@CR=\box68
(load cache: extra_lmmono9-regular.luc)
\@bannertoken=\toks26
\@@paperheight=\dimen160
\@@paperwidth=\dimen161
\@@topmargin=\dimen162
LaTeX Info: Redefining \underline on input line 284.
)
(c:/texlive/2025/texmf-dist/tex/luatex/luatexja/patches/lltjp-atbegshi.sty
Package: lltjp-atbegshi 2024-05-14 Patching \shipout hooks for LuaTeX-ja
\l__platex_shipout_dummy_box=\box69
)
(c:/texlive/2025/texmf-dist/tex/luatex/luatexja/patches/lltjp-fontspec.sty)
(c:/texlive/2025/texmf-dist/tex/luatex/luatexja/patches/lltjp-geometry.sty
Package: lltjp-geometry 2024-05-16 Patch to geometry for LuaTeX-ja with vertica
l writing mode

(c:/texlive/2025/texmf-dist/tex/generic/iftex/ifluatex.sty
Package: ifluatex 2019/10/25 v1.5 ifluatex legacy package. Use iftex instead.
)))
\ltj@temp@cctb=\catcodetable16
)
(c:/texlive/2025/texmf-dist/tex/luatex/luatexja/luatexja-compat.sty
Package: luatexja-compat 2020-08-08 Compatibility with pTeX
(load cache: ltj-jisx0208.luc)
\hour=\count290
\minute=\count291
))(load cache: extra_lmroman17-regular.luc)
LaTeX Font Info:    Font shape `JT3/mc/m/n' will be
(Font)              scaled to size 15.39551pt on input line 16.
LaTeX Font Info:    Font shape `JY3/mc/m/n' will be
(Font)              scaled to size 15.39551pt on input line 16.

(c:/texlive/2025/texmf-dist/tex/luatex/luatexja/addons/luatexja-fontspec-29e.st
y
Package: luatexja-fontspec-29e 2024-05-27 fontspec support of LuaTeX-ja
\g__ltj_fontspec_altnumber_int=\count292
))
luaotfload | cache : Lookup cache loaded from C:/Users/DDDD/.texlive2025/texmf-v
ar/luatex-cache/generic/names/luaotfload-lookup-cache.luc.(load cache: extra_sts
ong.luc)

Package fontspec Info: 
(fontspec)             STSong scale = 0.96221923828125.


Package fontspec Info: 
(fontspec)             Could not resolve font "STSong/BI" (it probably doesn't
(fontspec)             exist).


Package fontspec Info: 
(fontspec)             Could not resolve font "STSong/B" (it probably doesn't
(fontspec)             exist).


Package fontspec Info: 
(fontspec)             Could not resolve font "STSong/I" (it probably doesn't
(fontspec)             exist).


Package fontspec Info: 
(fontspec)             STSong scale = 0.96221923828125.

LaTeX Font Info:    Font shape `JT3/mc/m/n' will be
(Font)              scaled to size 11.54663pt on input line 16.
LaTeX Font Info:    Font shape `JY3/mc/m/n' will be
(Font)              scaled to size 11.54663pt on input line 16.

Package fontspec Info: 
(fontspec)             STSong scale = 0.96221923828125.


Package fontspec Info: 
(fontspec)             Font family 'STSong(0)' created for font 'STSong' with
(fontspec)             options
(fontspec)             [YokoFeatures={JFM=ujis},TateFeatures={JFM=ujisv},Scale=
0.96221923828125,Kerning=Off,Script=CJK].
(fontspec)              
(fontspec)              This font family consists of the following NFSS
(fontspec)             series/shapes:
(fontspec)              

LaTeX Font Info:    Redeclaring symbol font `mincho' on input line 16.
LaTeX Font Info:    Overwriting symbol font `mincho' in version `normal'
(Font)                  JY3/mc/m/n --> JY3/STSong(0)/m/n on input line 16.
LaTeX Font Info:    Overwriting symbol font `mincho' in version `bold'
(Font)                  JY3/gt/m/n --> JY3/STSong(0)/m/n on input line 16.
LaTeX Font Info:    Overwriting symbol font `mincho' in version `bold'
(Font)                  JY3/STSong(0)/m/n --> JY3/STSong(0)/b/n on input line 1
6.
LaTeX Font Info:    Font shape `JT3/STSong(0)/m/n' will be
(Font)              scaled to size 9.6222pt on input line 16.
LaTeX Font Info:    Font shape `JY3/STSong(0)/m/n' will be
(Font)              scaled to size 9.6222pt on input line 16.
(load cache: extra_simhei.luc)

Package fontspec Info: 
(fontspec)             SimHei scale = 0.96221923828125.


Package fontspec Info: 
(fontspec)             Could not resolve font "SimHei/BI" (it probably doesn't
(fontspec)             exist).


Package fontspec Info: 
(fontspec)             Could not resolve font "SimHei/B" (it probably doesn't
(fontspec)             exist).


Package fontspec Info: 
(fontspec)             Could not resolve font "SimHei/I" (it probably doesn't
(fontspec)             exist).


Package fontspec Info: 
(fontspec)             SimHei scale = 0.96221923828125.

LaTeX Font Info:    Font shape `JT3/STSong(0)/m/n' will be
(Font)              scaled to size 11.54663pt on input line 17.
LaTeX Font Info:    Font shape `JY3/STSong(0)/m/n' will be
(Font)              scaled to size 11.54663pt on input line 17.

Package fontspec Info: 
(fontspec)             SimHei scale = 0.96221923828125.


Package fontspec Info: 
(fontspec)             Font family 'SimHei(0)' created for font 'SimHei' with
(fontspec)             options
(fontspec)             [YokoFeatures={JFM=ujis},TateFeatures={JFM=ujisv},Scale=
0.96221923828125,Kerning=Off,Script=CJK].
(fontspec)              
(fontspec)              This font family consists of the following NFSS
(fontspec)             series/shapes:
(fontspec)              

LaTeX Font Info:    Redeclaring math alphabet \mathgt on input line 17.
LaTeX Font Info:    Overwriting math alphabet `\mathgt' in version `normal'
(Font)                  JY3/gt/m/n --> JY3/SimHei(0)/m/n on input line 17.
LaTeX Font Info:    Overwriting math alphabet `\mathgt' in version `bold'
(Font)                  JY3/gt/m/n --> JY3/SimHei(0)/m/n on input line 17.
(load cache: extra_stfangsong.luc)

Package fontspec Info: 
(fontspec)             STFangsong scale = 0.96221923828125.


Package fontspec Info: 
(fontspec)             Could not resolve font "STFangsong/BI" (it probably
(fontspec)             doesn't exist).


Package fontspec Info: 
(fontspec)             Could not resolve font "STFangsong/B" (it probably
(fontspec)             doesn't exist).


Package fontspec Info: 
(fontspec)             Could not resolve font "STFangsong/I" (it probably
(fontspec)             doesn't exist).


Package fontspec Info: 
(fontspec)             STFangsong scale = 0.96221923828125.


Package fontspec Info: 
(fontspec)             STFangsong scale = 0.96221923828125.


Package fontspec Info: 
(fontspec)             Font family 'STFangsong(0)' created for font
(fontspec)             'STFangsong' with options
(fontspec)             [YokoFeatures={JFM=ujis},TateFeatures={JFM=ujisv},Scale=
0.96221923828125,Kerning=Off,Script=CJK].
(fontspec)              
(fontspec)              This font family consists of the following NFSS
(fontspec)             series/shapes:
(fontspec)              

 (c:/texlive/2025/texmf-dist/tex/latex/geometry/geometry.sty
Package: geometry 2020/01/02 v5.9 Page Geometry

(c:/texlive/2025/texmf-dist/tex/generic/iftex/ifvtex.sty
Package: ifvtex 2019/10/25 v1.7 ifvtex legacy package. Use iftex instead.
)
\Gm@cnth=\count293
\Gm@cntv=\count294
\c@Gm@tempcnt=\count295
\Gm@bindingoffset=\dimen163
\Gm@wd@mp=\dimen164
\Gm@odd@mp=\dimen165
\Gm@even@mp=\dimen166
\Gm@layoutwidth=\dimen167
\Gm@layoutheight=\dimen168
\Gm@layouthoffset=\dimen169
\Gm@layoutvoffset=\dimen170
\Gm@dimlist=\toks27
)
(c:/texlive/2025/texmf-dist/tex/latex/graphics/graphicx.sty
Package: graphicx 2021/09/16 v1.2d Enhanced LaTeX Graphics (DPC,SPQR)

(c:/texlive/2025/texmf-dist/tex/latex/graphics/graphics.sty
Package: graphics 2024/08/06 v1.4g Standard LaTeX Graphics (DPC,SPQR)

(c:/texlive/2025/texmf-dist/tex/latex/graphics/trig.sty
Package: trig 2023/12/02 v1.11 sin cos tan (DPC)
)
(c:/texlive/2025/texmf-dist/tex/latex/graphics-cfg/graphics.cfg
File: graphics.cfg 2016/06/04 v1.11 sample graphics configuration
)
Package graphics Info: Driver file: luatex.def on input line 106.

(c:/texlive/2025/texmf-dist/tex/latex/graphics-def/luatex.def
File: luatex.def 2024/04/13 v1.2e Graphics/color driver for luatex
))
\Gin@req@height=\dimen171
\Gin@req@width=\dimen172
)
(c:/texlive/2025/texmf-dist/tex/latex/booktabs/booktabs.sty
Package: booktabs 2020/01/12 v1.61803398 Publication quality tables
\heavyrulewidth=\dimen173
\lightrulewidth=\dimen174
\cmidrulewidth=\dimen175
\belowrulesep=\dimen176
\belowbottomsep=\dimen177
\aboverulesep=\dimen178
\abovetopsep=\dimen179
\cmidrulesep=\dimen180
\cmidrulekern=\dimen181
\defaultaddspace=\dimen182
\@cmidla=\count296
\@cmidlb=\count297
\@aboverulesep=\dimen183
\@belowrulesep=\dimen184
\@thisruleclass=\count298
\@lastruleclass=\count299
\@thisrulewidth=\dimen185
)
(c:/texlive/2025/texmf-dist/tex/latex/tools/tabularx.sty
Package: tabularx 2023/12/11 v2.12a `tabularx' package (DPC)

(c:/texlive/2025/texmf-dist/tex/latex/tools/array.sty
Package: array 2024/10/17 v2.6g Tabular extension package (FMi)
\col@sep=\dimen186
\ar@mcellbox=\box70
\extrarowheight=\dimen187
\NC@list=\toks28
\extratabsurround=\skip51
\backup@length=\skip52
\ar@cellbox=\box71
)
\TX@col@width=\dimen188
\TX@old@table=\dimen189
\TX@old@col=\dimen190
\TX@target=\dimen191
\TX@delta=\dimen192
\TX@cols=\count300
\TX@ftn=\toks29
)
(c:/texlive/2025/texmf-dist/tex/latex/multirow/multirow.sty
Package: multirow 2024/11/12 v2.9 Span multiple rows of a table
\multirow@colwidth=\skip53
\multirow@cntb=\count301
\multirow@dima=\skip54
\bigstrutjot=\dimen193
)
(c:/texlive/2025/texmf-dist/tex/latex/amsmath/amsmath.sty
Package: amsmath 2024/11/05 v2.17t AMS math features
\@mathmargin=\skip55

For additional information on amsmath, use the `?' option.
(c:/texlive/2025/texmf-dist/tex/latex/amsmath/amstext.sty
Package: amstext 2021/08/26 v2.01 AMS text

(c:/texlive/2025/texmf-dist/tex/latex/amsmath/amsgen.sty
File: amsgen.sty 1999/11/30 v2.0 generic functions
\@emptytoks=\toks30
\ex@=\dimen194
))
(c:/texlive/2025/texmf-dist/tex/latex/amsmath/amsbsy.sty
Package: amsbsy 1999/11/29 v1.2d Bold Symbols
\pmbraise@=\dimen195
)
(c:/texlive/2025/texmf-dist/tex/latex/amsmath/amsopn.sty
Package: amsopn 2022/04/08 v2.04 operator names
)
\inf@bad=\count302
LaTeX Info: Redefining \frac on input line 235.
\uproot@=\count303
\leftroot@=\count304
LaTeX Info: Redefining \overline on input line 398.
LaTeX Info: Redefining \colon on input line 409.
\classnum@=\count305
\DOTSCASE@=\count306
LaTeX Info: Redefining \ldots on input line 495.
LaTeX Info: Redefining \dots on input line 498.
LaTeX Info: Redefining \cdots on input line 619.
\Mathstrutbox@=\box72
\strutbox@=\box73
LaTeX Info: Redefining \big on input line 721.
LaTeX Info: Redefining \Big on input line 722.
LaTeX Info: Redefining \bigg on input line 723.
LaTeX Info: Redefining \Bigg on input line 724.
\big@size=\dimen196
LaTeX Font Info:    Redeclaring font encoding OML on input line 742.
LaTeX Font Info:    Redeclaring font encoding OMS on input line 743.
\macc@depth=\count307
LaTeX Info: Redefining \bmod on input line 904.
LaTeX Info: Redefining \pmod on input line 909.
LaTeX Info: Redefining \smash on input line 939.
LaTeX Info: Redefining \relbar on input line 969.
LaTeX Info: Redefining \Relbar on input line 970.
\c@MaxMatrixCols=\count308
\dotsspace@=\muskip17
\c@parentequation=\count309
\dspbrk@lvl=\count310
\tag@help=\toks31
\row@=\count311
\column@=\count312
\maxfields@=\count313
\andhelp@=\toks32
\eqnshift@=\dimen197
\alignsep@=\dimen198
\tagshift@=\dimen199
\tagwidth@=\dimen256
\totwidth@=\dimen257
\lineht@=\dimen258
\@envbody=\toks33
\multlinegap=\skip56
\multlinetaggap=\skip57
\mathdisplay@stack=\toks34
LaTeX Info: Redefining \[ on input line 2953.
LaTeX Info: Redefining \] on input line 2954.
)
(c:/texlive/2025/texmf-dist/tex/latex/amsfonts/amssymb.sty
Package: amssymb 2013/01/14 v3.01 AMS font symbols

(c:/texlive/2025/texmf-dist/tex/latex/amsfonts/amsfonts.sty
Package: amsfonts 2013/01/14 v3.01 Basic AMSFonts support
\symAMSa=\mathgroup5
\symAMSb=\mathgroup6
LaTeX Font Info:    Redeclaring math symbol \hbar on input line 98.
LaTeX Font Info:    Overwriting math alphabet `\mathfrak' in version `bold'
(Font)                  U/euf/m/n --> U/euf/b/n on input line 106.
))
(c:/texlive/2025/texmf-dist/tex/latex/siunitx/siunitx.sty
Package: siunitx 2025-02-27 v3.4.6 A comprehensive (SI) units package
\l__siunitx_number_uncert_offset_int=\count314
\l__siunitx_number_exponent_fixed_int=\count315
\l__siunitx_number_min_decimal_int=\count316
\l__siunitx_number_min_integer_int=\count317
\l__siunitx_number_round_precision_int=\count318
\l__siunitx_number_lower_threshold_int=\count319
\l__siunitx_number_upper_threshold_int=\count320
\l__siunitx_number_group_first_int=\count321
\l__siunitx_number_group_size_int=\count322
\l__siunitx_number_group_minimum_int=\count323
\l__siunitx_angle_tmp_dim=\dimen259
\l__siunitx_angle_marker_box=\box74
\l__siunitx_angle_unit_box=\box75
\l__siunitx_compound_count_int=\count324

(c:/texlive/2025/texmf-dist/tex/latex/translations/translations.sty
Package: translations 2022/02/05 v1.12 internationalization of LaTeX2e packages
 (CN)
)
\l__siunitx_table_tmp_box=\box76
\l__siunitx_table_tmp_dim=\dimen260
\l__siunitx_table_column_width_dim=\dimen261
\l__siunitx_table_integer_box=\box77
\l__siunitx_table_decimal_box=\box78
\l__siunitx_table_uncert_box=\box79
\l__siunitx_table_before_box=\box80
\l__siunitx_table_after_box=\box81
\l__siunitx_table_before_dim=\dimen262
\l__siunitx_table_carry_dim=\dimen263
\l__siunitx_unit_tmp_int=\count325
\l__siunitx_unit_position_int=\count326
\l__siunitx_unit_total_int=\count327
)
(c:/texlive/2025/texmf-dist/tex/luatex/luatexja/patches/lltjp-siunitx.sty)
(c:/texlive/2025/texmf-dist/tex/latex/hyperref/hyperref.sty
Package: hyperref 2024-11-05 v7.01l Hypertext links for LaTeX

(c:/texlive/2025/texmf-dist/tex/latex/kvsetkeys/kvsetkeys.sty
Package: kvsetkeys 2022-10-05 v1.19 Key value parser (HO)
)
(c:/texlive/2025/texmf-dist/tex/generic/kvdefinekeys/kvdefinekeys.sty
Package: kvdefinekeys 2019-12-19 v1.6 Define keys (HO)
)
(c:/texlive/2025/texmf-dist/tex/generic/pdfescape/pdfescape.sty
Package: pdfescape 2019/12/09 v1.15 Implements pdfTeX's escape features (HO)
)
(c:/texlive/2025/texmf-dist/tex/latex/hycolor/hycolor.sty
Package: hycolor 2020-01-27 v1.10 Color options for hyperref/bookmark (HO)
)
(c:/texlive/2025/texmf-dist/tex/latex/hyperref/nameref.sty
Package: nameref 2023-11-26 v2.56 Cross-referencing by name of section

(c:/texlive/2025/texmf-dist/tex/latex/refcount/refcount.sty
Package: refcount 2019/12/15 v3.6 Data extraction from label references (HO)
)
(c:/texlive/2025/texmf-dist/tex/generic/gettitlestring/gettitlestring.sty
Package: gettitlestring 2019/12/15 v1.6 Cleanup title references (HO)

(c:/texlive/2025/texmf-dist/tex/latex/kvoptions/kvoptions.sty
Package: kvoptions 2022-06-15 v3.15 Key value format for package options (HO)
))
\c@section@level=\count328
)
(c:/texlive/2025/texmf-dist/tex/generic/stringenc/stringenc.sty
Package: stringenc 2019/11/29 v1.12 Convert strings between diff. encodings (HO
)
)
\@linkdim=\dimen264
\Hy@linkcounter=\count329
\Hy@pagecounter=\count330

(c:/texlive/2025/texmf-dist/tex/latex/hyperref/pd1enc.def
File: pd1enc.def 2024-11-05 v7.01l Hyperref: PDFDocEncoding definition (HO)
)
(c:/texlive/2025/texmf-dist/tex/generic/intcalc/intcalc.sty
Package: intcalc 2019/12/15 v1.3 Expandable calculations with integers (HO)
)
\Hy@SavedSpaceFactor=\count331

(c:/texlive/2025/texmf-dist/tex/latex/hyperref/puenc.def
File: puenc.def 2024-11-05 v7.01l Hyperref: PDF Unicode definition (HO)
)
Package hyperref Info: Hyper figures OFF on input line 4157.
Package hyperref Info: Link nesting OFF on input line 4162.
Package hyperref Info: Hyper index ON on input line 4165.
Package hyperref Info: Plain pages OFF on input line 4172.
Package hyperref Info: Backreferencing OFF on input line 4177.
Package hyperref Info: Implicit mode ON; LaTeX internals redefined.
Package hyperref Info: Bookmarks ON on input line 4424.
\c@Hy@tempcnt=\count332

(c:/texlive/2025/texmf-dist/tex/latex/url/url.sty
\Urlmuskip=\muskip18
Package: url 2013/09/16  ver 3.4  Verb mode for urls, etc.
)
LaTeX Info: Redefining \url on input line 4763.
\XeTeXLinkMargin=\dimen265

(c:/texlive/2025/texmf-dist/tex/generic/bitset/bitset.sty
Package: bitset 2019/12/09 v1.3 Handle bit-vector datatype (HO)

(c:/texlive/2025/texmf-dist/tex/generic/bigintcalc/bigintcalc.sty
Package: bigintcalc 2019/12/15 v1.5 Expandable calculations on big integers (HO
)
))
\Fld@menulength=\count333
\Field@Width=\dimen266
\Fld@charsize=\dimen267
Package hyperref Info: Hyper figures OFF on input line 6042.
Package hyperref Info: Link nesting OFF on input line 6047.
Package hyperref Info: Hyper index ON on input line 6050.
Package hyperref Info: backreferencing OFF on input line 6057.
Package hyperref Info: Link coloring OFF on input line 6062.
Package hyperref Info: Link coloring with OCG OFF on input line 6067.
Package hyperref Info: PDF/A mode OFF on input line 6072.

(c:/texlive/2025/texmf-dist/tex/latex/base/atbegshi-ltx.sty
Package: atbegshi-ltx 2021/01/10 v1.0c Emulation of the original atbegshi
package with kernel methods
)
\Hy@abspage=\count334
\c@Item=\count335
\c@Hfootnote=\count336
)
Package hyperref Info: Driver (autodetected): hluatex.

(c:/texlive/2025/texmf-dist/tex/latex/hyperref/hluatex.def
File: hluatex.def 2024-11-05 v7.01l Hyperref driver for luaTeX

(c:/texlive/2025/texmf-dist/tex/latex/base/atveryend-ltx.sty
Package: atveryend-ltx 2020/08/19 v1.0a Emulation of the original atveryend pac
kage
with kernel methods
)
\Fld@listcount=\count337
\c@bookmark@seq@number=\count338

(c:/texlive/2025/texmf-dist/tex/latex/rerunfilecheck/rerunfilecheck.sty
Package: rerunfilecheck 2022-07-10 v1.10 Rerun checks for auxiliary files (HO)

(c:/texlive/2025/texmf-dist/tex/generic/uniquecounter/uniquecounter.sty
Package: uniquecounter 2019/12/15 v1.4 Provide unlimited unique counter (HO)
)
Package uniquecounter Info: New unique counter `rerunfilecheck' on input line 2
85.
)
\Hy@SectionHShift=\skip58
)
(c:/texlive/2025/texmf-dist/tex/latex/fancyhdr/fancyhdr.sty
Package: fancyhdr 2025/02/07 v5.2 Extensive control of page headers and footers

\f@nch@headwidth=\skip59
\f@nch@offset@elh=\skip60
\f@nch@offset@erh=\skip61
\f@nch@offset@olh=\skip62
\f@nch@offset@orh=\skip63
\f@nch@offset@elf=\skip64
\f@nch@offset@erf=\skip65
\f@nch@offset@olf=\skip66
\f@nch@offset@orf=\skip67
\f@nch@height=\skip68
\f@nch@footalignment=\skip69
\f@nch@widthL=\skip70
\f@nch@widthC=\skip71
\f@nch@widthR=\skip72
\@temptokenb=\toks35
)
(c:/texlive/2025/texmf-dist/tex/latex/titlesec/titlesec.sty
Package: titlesec 2025/01/04 v2.17 Sectioning titles
\ttl@box=\box82
\beforetitleunit=\skip73
\aftertitleunit=\skip74
\ttl@plus=\dimen268
\ttl@minus=\dimen269
\ttl@toksa=\toks36
\titlewidth=\dimen270
\titlewidthlast=\dimen271
\titlewidthfirst=\dimen272
)
(c:/texlive/2025/texmf-dist/tex/latex/enumitem/enumitem.sty
Package: enumitem 2025/02/06 v3.11 Customized lists
\enitkv@toks@=\toks37
\labelindent=\skip75
\enit@outerparindent=\dimen273
\enit@toks=\toks38
\enit@inbox=\box83
\enit@count@id=\count339
\enitdp@description=\count340
)
(c:/texlive/2025/texmf-dist/tex/latex/caption/caption.sty
Package: caption 2023/08/05 v3.6o Customizing captions (AR)

(c:/texlive/2025/texmf-dist/tex/latex/caption/caption3.sty
Package: caption3 2023/07/31 v2.4d caption3 kernel (AR)
\caption@tempdima=\dimen274
\captionmargin=\dimen275
\caption@leftmargin=\dimen276
\caption@rightmargin=\dimen277
\caption@width=\dimen278
\caption@indent=\dimen279
\caption@parindent=\dimen280
\caption@hangindent=\dimen281
Package caption Info: Standard document class detected.
)
\c@caption@flags=\count341
\c@continuedfloat=\count342
Package caption Info: hyperref package is loaded.
)
(c:/texlive/2025/texmf-dist/tex/latex/caption/subcaption.sty
Package: subcaption 2023/07/28 v1.6b Sub-captions (AR)
Package caption Info: New subtype `subfigure' on input line 238.
\c@subfigure=\count343
Package caption Info: New subtype `subtable' on input line 238.
\c@subtable=\count344
)
(c:/texlive/2025/texmf-dist/tex/latex/xcolor/xcolor.sty
Package: xcolor 2024/09/29 v3.02 LaTeX color extensions (UK)

(c:/texlive/2025/texmf-dist/tex/latex/graphics-cfg/color.cfg
File: color.cfg 2016/01/02 v1.6 sample color configuration
)
Package xcolor Info: Driver file: luatex.def on input line 274.

(c:/texlive/2025/texmf-dist/tex/latex/graphics/mathcolor.ltx)
Package xcolor Info: Model `cmy' substituted by `cmy0' on input line 1349.
Package xcolor Info: Model `hsb' substituted by `rgb' on input line 1353.
Package xcolor Info: Model `RGB' extended on input line 1365.
Package xcolor Info: Model `HTML' substituted by `rgb' on input line 1367.
Package xcolor Info: Model `Hsb' substituted by `hsb' on input line 1368.
Package xcolor Info: Model `tHsb' substituted by `hsb' on input line 1369.
Package xcolor Info: Model `HSB' substituted by `hsb' on input line 1370.
Package xcolor Info: Model `Gray' substituted by `gray' on input line 1371.
Package xcolor Info: Model `wave' substituted by `hsb' on input line 1372.
)
(c:/texlive/2025/texmf-dist/tex/latex/listings/listings.sty
\lst@mode=\count345
\lst@gtempboxa=\box84
\lst@token=\toks39
\lst@length=\count346
\lst@currlwidth=\dimen282
\lst@column=\count347
\lst@pos=\count348
\lst@lostspace=\dimen283
\lst@width=\dimen284
\lst@newlines=\count349
\lst@lineno=\count350
\lst@maxwidth=\dimen285

(c:/texlive/2025/texmf-dist/tex/latex/listings/lstpatch.sty
File: lstpatch.sty 2024/09/23 1.10c (Carsten Heinz)
)
(c:/texlive/2025/texmf-dist/tex/latex/listings/lstmisc.sty
File: lstmisc.sty 2024/09/23 1.10c (Carsten Heinz)
\c@lstnumber=\count351
\lst@skipnumbers=\count352
\lst@framebox=\box85
)
(c:/texlive/2025/texmf-dist/tex/latex/listings/listings.cfg
File: listings.cfg 2024/09/23 1.10c listings configuration
))
Package: listings 2024/09/23 1.10c (Carsten Heinz)

(c:/texlive/2025/texmf-dist/tex/luatex/luatexja/patches/lltjp-listings.sty
(c:/texlive/2025/texmf-dist/tex/luatex/luatexbase/luatexbase-cctb.sty
Package: luatexbase-cctb 2015/10/04 v1.3 luatexbase interface to LuaTeX (legacy
 subpackage) 
)
\ltj@lst@japanese@min=\count353
\CatcodeTableLTJlistings=\catcodetable17
\ltj@lst@frame@lslimit=\dimen286

(c:/texlive/2025/texmf-dist/tex/latex/listings/lstmisc.sty
File: lstmisc.sty 2024/09/23 1.10c (Carsten Heinz)
\lst@WFtoken=\toks40
\lst@WF=\write3
))
(c:/texlive/2025/texmf-dist/tex/latex/float/float.sty
Package: float 2001/11/08 v1.3d Float enhancements (AL)
\c@float@type=\count354
\float@exts=\toks41
\float@box=\box86
\@float@everytoks=\toks42
\@floatcapt=\box87
)
(c:/texlive/2025/texmf-dist/tex/latex/appendix/appendix.sty
Package: appendix 2020/02/08 v1.2c extra appendix facilities
\c@@pps=\count355
\c@@ppsavesec=\count356
\c@@ppsaveapp=\count357
)
(c:/texlive/2025/texmf-dist/tex/latex/tools/indentfirst.sty
Package: indentfirst 2023/07/02 v1.03 Indent first paragraph (DPC)
)
(c:/texlive/2025/texmf-dist/tex/latex/setspace/setspace.sty
Package: setspace 2022/12/04 v6.7b set line spacing
)
Package hyperref Info: Option `colorlinks' set `true' on input line 63.

(c:/texlive/2025/texmf-dist/tex/luatex/luatexja/patches/lltjp-array.sty
Package: lltjp-array 2024-07-21 Patch to array for LuaTeX-ja
)
Package translations Info: No language package found. I am going to use `englis
h' as default language. on input line 127.

(./main.aux)
\openout1 = main.aux

LaTeX Font Info:    Checking defaults for OML/cmm/m/it on input line 127.
LaTeX Font Info:    ... okay on input line 127.
LaTeX Font Info:    Checking defaults for OMS/cmsy/m/n on input line 127.
LaTeX Font Info:    ... okay on input line 127.
LaTeX Font Info:    Checking defaults for OT1/cmr/m/n on input line 127.
LaTeX Font Info:    ... okay on input line 127.
LaTeX Font Info:    Checking defaults for T1/cmr/m/n on input line 127.
LaTeX Font Info:    ... okay on input line 127.
LaTeX Font Info:    Checking defaults for TS1/cmr/m/n on input line 127.
LaTeX Font Info:    ... okay on input line 127.
LaTeX Font Info:    Checking defaults for TU/lmr/m/n on input line 127.
LaTeX Font Info:    ... okay on input line 127.
LaTeX Font Info:    Checking defaults for OMX/cmex/m/n on input line 127.
LaTeX Font Info:    ... okay on input line 127.
LaTeX Font Info:    Checking defaults for U/cmr/m/n on input line 127.
LaTeX Font Info:    ... okay on input line 127.
LaTeX Font Info:    Checking defaults for JY3/mc/m/n on input line 127.
LaTeX Font Info:    ... okay on input line 127.
LaTeX Font Info:    Checking defaults for JT3/mc/m/n on input line 127.
LaTeX Font Info:    ... okay on input line 127.
LaTeX Font Info:    Checking defaults for PD1/pdf/m/n on input line 127.
LaTeX Font Info:    ... okay on input line 127.
LaTeX Font Info:    Checking defaults for PU/pdf/m/n on input line 127.
LaTeX Font Info:    ... okay on input line 127.

Package fontspec Info: 
(fontspec)             Adjusting the maths setup (use [no-math] to avoid
(fontspec)             this).

\symlegacymaths=\mathgroup7
LaTeX Font Info:    Overwriting symbol font `legacymaths' in version `bold'
(Font)                  OT1/cmr/m/n --> OT1/cmr/bx/n on input line 127.
LaTeX Font Info:    Redeclaring math accent \acute on input line 127.
LaTeX Font Info:    Redeclaring math accent \grave on input line 127.
LaTeX Font Info:    Redeclaring math accent \ddot on input line 127.
LaTeX Font Info:    Redeclaring math accent \tilde on input line 127.
LaTeX Font Info:    Redeclaring math accent \bar on input line 127.
LaTeX Font Info:    Redeclaring math accent \breve on input line 127.
LaTeX Font Info:    Redeclaring math accent \check on input line 127.
LaTeX Font Info:    Redeclaring math accent \hat on input line 127.
LaTeX Font Info:    Redeclaring math accent \dot on input line 127.
LaTeX Font Info:    Redeclaring math accent \mathring on input line 127.
LaTeX Font Info:    Redeclaring math symbol \Gamma on input line 127.
LaTeX Font Info:    Redeclaring math symbol \Delta on input line 127.
LaTeX Font Info:    Redeclaring math symbol \Theta on input line 127.
LaTeX Font Info:    Redeclaring math symbol \Lambda on input line 127.
LaTeX Font Info:    Redeclaring math symbol \Xi on input line 127.
LaTeX Font Info:    Redeclaring math symbol \Pi on input line 127.
LaTeX Font Info:    Redeclaring math symbol \Sigma on input line 127.
LaTeX Font Info:    Redeclaring math symbol \Upsilon on input line 127.
LaTeX Font Info:    Redeclaring math symbol \Phi on input line 127.
LaTeX Font Info:    Redeclaring math symbol \Psi on input line 127.
LaTeX Font Info:    Redeclaring math symbol \Omega on input line 127.
LaTeX Font Info:    Redeclaring math symbol \mathdollar on input line 127.
LaTeX Font Info:    Redeclaring symbol font `operators' on input line 127.
LaTeX Font Info:    Encoding `OT1' has changed to `TU' for symbol font
(Font)              `operators' in the math version `normal' on input line 127.

LaTeX Font Info:    Overwriting symbol font `operators' in version `normal'
(Font)                  OT1/cmr/m/n --> TU/lmr/m/n on input line 127.
LaTeX Font Info:    Encoding `OT1' has changed to `TU' for symbol font
(Font)              `operators' in the math version `bold' on input line 127.
LaTeX Font Info:    Overwriting symbol font `operators' in version `bold'
(Font)                  OT1/cmr/bx/n --> TU/lmr/m/n on input line 127.
LaTeX Font Info:    Overwriting symbol font `operators' in version `normal'
(Font)                  TU/lmr/m/n --> TU/lmr/m/n on input line 127.
LaTeX Font Info:    Overwriting math alphabet `\mathit' in version `normal'
(Font)                  OT1/cmr/m/it --> TU/lmr/m/it on input line 127.
LaTeX Font Info:    Overwriting math alphabet `\mathbf' in version `normal'
(Font)                  OT1/cmr/bx/n --> TU/lmr/b/n on input line 127.
LaTeX Font Info:    Overwriting math alphabet `\mathsf' in version `normal'
(Font)                  OT1/cmss/m/n --> TU/lmss/m/n on input line 127.
LaTeX Font Info:    Overwriting math alphabet `\mathtt' in version `normal'
(Font)                  OT1/cmtt/m/n --> TU/lmtt/m/n on input line 127.
LaTeX Font Info:    Overwriting symbol font `operators' in version `bold'
(Font)                  TU/lmr/m/n --> TU/lmr/b/n on input line 127.
LaTeX Font Info:    Overwriting math alphabet `\mathit' in version `bold'
(Font)                  OT1/cmr/bx/it --> TU/lmr/b/it on input line 127.
LaTeX Font Info:    Overwriting math alphabet `\mathsf' in version `bold'
(Font)                  OT1/cmss/bx/n --> TU/lmss/b/n on input line 127.
LaTeX Font Info:    Overwriting math alphabet `\mathtt' in version `bold'
(Font)                  OT1/cmtt/m/n --> TU/lmtt/b/n on input line 127.

*geometry* driver: auto-detecting
*geometry* detected driver: luatex
*geometry* verbose mode - [ preamble ] result:
* driver: luatex
* paper: a4paper
* layout: <same size as paper>
* layoutoffset:(h,v)=(0.0pt,0.0pt)
* modes: 
* h-part:(L,W,R)=(71.13188pt, 455.24411pt, 71.13188pt)
* v-part:(T,H,B)=(71.13188pt, 702.78308pt, 71.13188pt)
* \paperwidth=597.50787pt
* \paperheight=845.04684pt
* \textwidth=455.24411pt
* \textheight=702.78308pt
* \oddsidemargin=-1.1381pt
* \evensidemargin=-1.1381pt
* \topmargin=-38.1381pt
* \headheight=14.0pt
* \headsep=25.0pt
* \topskip=12.0pt
* \footskip=30.0pt
* \marginparwidth=35.0pt
* \marginparsep=10.0pt
* \columnsep=10.0pt
* \skip\footins=10.8pt plus 4.0pt minus 2.0pt
* \hoffset=0.0pt
* \voffset=0.0pt
* \mag=1000
* \@twocolumnfalse
* \@twosidefalse
* \@mparswitchfalse
* \@reversemarginfalse
* (1in=72.27pt=25.4mm, 1cm=28.453pt)

(c:/texlive/2025/texmf-dist/tex/context/base/mkii/supp-pdf.mkii
[Loading MPS to PDF converter (version 2006.09.02).]
\scratchcounter=\count358
\scratchdimen=\dimen287
\scratchbox=\box88
\nofMPsegments=\count359
\nofMParguments=\count360
\everyMPshowfont=\toks43
\MPscratchCnt=\count361
\MPscratchDim=\dimen288
\MPnumerator=\count362
\makeMPintoPDFobject=\count363
\everyMPtoPDFconversion=\toks44
) (c:/texlive/2025/texmf-dist/tex/latex/epstopdf-pkg/epstopdf-base.sty
Package: epstopdf-base 2020-01-24 v2.11 Base part for package epstopdf
Package epstopdf-base Info: Redefining graphics rule for `.eps' on input line 4
85.

(c:/texlive/2025/texmf-dist/tex/latex/latexconfig/epstopdf-sys.cfg
File: epstopdf-sys.cfg 2010/07/13 v1.3 Configuration of (r)epstopdf for TeX Liv
e
))
(c:/texlive/2025/texmf-dist/tex/latex/translations/translations-basic-dictionar
y-english.trsl
File: translations-basic-dictionary-english.trsl (english translation file `tra
nslations-basic-dictionary')
)
Package translations Info: loading dictionary `translations-basic-dictionary' f
or `english'. on input line 127.
Package hyperref Info: Link coloring ON on input line 127.
 (./main.out) (./main.out)
\@outlinefile=\write4

\openout4 = main.out
Package caption Info: Begin \AtBeginDocument code.
Package caption Info: float package is loaded.
Package caption Info: listings package is loaded.
Package caption Info: End \AtBeginDocument code.
\c@lstlisting=\count364
<fig/cicc_logo.png, id=148, 203.67pt x 132.057pt>
File: fig/cicc_logo.png Graphic file (type png)
<use fig/cicc_logo.png>
Package luatex.def Info: fig/cicc_logo.png  used on input line 140.
(luatex.def)             Requested size: 154.78133pt x 100.36436pt.
LaTeX Font Info:    Font shape `JT3/STSong(0)/m/n' will be
(Font)              scaled to size 23.94002pt on input line 145.
LaTeX Font Info:    Font shape `JY3/STSong(0)/m/n' will be
(Font)              scaled to size 23.94002pt on input line 145.


LaTeX Font Warning: Font shape `JT3/STSong(0)/b/n' undefined
(Font)              using `JT3/STSong(0)/m/n' instead on input line 145.

LaTeX Font Info:    Font shape `JT3/STSong(0)/m/n' will be
(Font)              scaled to size 23.94002pt on input line 145.

LaTeX Font Warning: Font shape `JY3/STSong(0)/b/n' undefined
(Font)              using `JY3/STSong(0)/m/n' instead on input line 145.

LaTeX Font Info:    Font shape `JT3/STSong(0)/b/n' will be
(Font)              scaled to size 23.94002pt on input line 149.
LaTeX Font Info:    Font shape `JY3/STSong(0)/b/n' will be
(Font)              scaled to size 23.94002pt on input line 149.
LaTeX Font Info:    Font shape `JT3/STSong(0)/m/n' will be
(Font)              scaled to size 16.62714pt on input line 154.
LaTeX Font Info:    Font shape `JY3/STSong(0)/m/n' will be
(Font)              scaled to size 16.62714pt on input line 154.
(load cache: extra_lmroman8-regular.luc)(load cache: extra_lmroman6-regular.luc)
LaTeX Font Info:    Font shape `JY3/STSong(0)/m/n' will be
(Font)              scaled to size 7.69775pt on input line 154.
LaTeX Font Info:    Font shape `JY3/STSong(0)/m/n' will be
(Font)              scaled to size 5.77332pt on input line 154.
LaTeX Font Info:    Trying loading font information for U+msa on input line 154
.
(c:/texlive/2025/texmf-dist/tex/latex/amsfonts/umsa.fd
File: umsa.fd 2013/01/14 v3.01 AMS symbols A
)
LaTeX Font Info:    Trying loading font information for U+msb on input line 154
.

(c:/texlive/2025/texmf-dist/tex/latex/amsfonts/umsb.fd
File: umsb.fd 2013/01/14 v3.01 AMS symbols B
)

[1

{c:/texlive/2025/texmf-var/fonts/map/pdftex/updmap/pdftex.map}<./fig/cicc_logo.p
ng>]
LaTeX Font Info:    Font shape `JT3/STSong(0)/b/n' will be
(Font)              scaled to size 16.62714pt on input line 172.
LaTeX Font Info:    Font shape `JY3/STSong(0)/b/n' will be
(Font)              scaled to size 16.62714pt on input line 172.
 (./main.toc
LaTeX Font Info:    Font shape `JT3/STSong(0)/b/n' will be
(Font)              scaled to size 11.54663pt on input line 1.
LaTeX Font Info:    Font shape `JY3/STSong(0)/b/n' will be
(Font)              scaled to size 11.54663pt on input line 1.


LaTeX Font Info:    Font shape `JT3/STSong(0)/m/n' will be
(Font)              scaled to size 10.53629pt on input line 41.
LaTeX Font Info:    Font shape `JY3/STSong(0)/m/n' will be
(Font)              scaled to size 10.53629pt on input line 41.

warning  (pdf backend): ignoring duplicate destination with the name 'page.1'
[1])
\tf@toc=\write5

\openout5 = main.toc


[2]
LaTeX Font Info:    Font shape `JT3/STSong(0)/m/n' will be
(Font)              scaled to size 13.85594pt on input line 181.
LaTeX Font Info:    Font shape `JY3/STSong(0)/m/n' will be
(Font)              scaled to size 13.85594pt on input line 181.
LaTeX Font Info:    Font shape `JT3/STSong(0)/b/n' will be
(Font)              scaled to size 13.85594pt on input line 181.
LaTeX Font Info:    Font shape `JY3/STSong(0)/b/n' will be
(Font)              scaled to size 13.85594pt on input line 181.


[3]
<fig/schematic/symbol.png, id=210, 498.86375pt x 315.1775pt>
File: fig/schematic/symbol.png Graphic file (type png)
<use fig/schematic/symbol.png>
Package luatex.def Info: fig/schematic/symbol.png  used on input line 227.
(luatex.def)             Requested size: 227.62206pt x 143.80995pt.


[4<./fig/schematic/symbol.png>]
<fig/schematic/architecture.png, id=223, 733.23938pt x 695.09688pt>
File: fig/schematic/architecture.png Graphic file (type png)
<use fig/schematic/architecture.png>
Package luatex.def Info: fig/schematic/architecture.png  used on input line 264
.
(luatex.def)             Requested size: 364.19667pt x 345.25662pt.
<fig/schematic/example.png, id=224, 445.665pt x 273.52188pt>
File: fig/schematic/example.png Graphic file (type png)
<use fig/schematic/example.png>
Package luatex.def Info: fig/schematic/example.png  used on input line 281.
(luatex.def)             Requested size: 364.19667pt x 223.52144pt.


[5

<./fig/schematic/architecture.png>]
<fig/schematic/bandgap.png, id=236, 1714.405pt x 635.37375pt>
File: fig/schematic/bandgap.png Graphic file (type png)
<use fig/schematic/bandgap.png>
Package luatex.def Info: fig/schematic/bandgap.png  used on input line 309.
(luatex.def)             Requested size: 455.24411pt x 168.71255pt.


[6<./fig/schematic/example.png>]

[7<./fig/schematic/bandgap.png>]
<fig/schematic/ea.png, id=255, 519.9425pt x 308.15125pt>
File: fig/schematic/ea.png Graphic file (type png)
<use fig/schematic/ea.png>
Package luatex.def Info: fig/schematic/ea.png  used on input line 398.
(luatex.def)             Requested size: 364.19667pt x 215.84544pt.


[8]
<fig/schematic/opaall.png, id=267, 2879.25688pt x 1265.22687pt>
File: fig/schematic/opaall.png Graphic file (type png)
<use fig/schematic/opaall.png>
Package luatex.def Info: fig/schematic/opaall.png  used on input line 404.
(luatex.def)             Requested size: 455.24411pt x 200.04651pt.


[9<./fig/schematic/ea.png><./fig/schematic/opaall.png>]
<fig/schematic/opa1.png, id=277, 1735.48375pt x 1183.92313pt>
File: fig/schematic/opa1.png Graphic file (type png)
<use fig/schematic/opa1.png>
Package luatex.def Info: fig/schematic/opa1.png  used on input line 415.
(luatex.def)             Requested size: 364.19667pt x 248.45055pt.


[10<./fig/schematic/opa1.png>]
Overfull \hbox (11.59544pt too wide) in paragraph at lines 431--433
[] [] $\OML/cmm/m/it/12 r[] \OT1/cmr/m/n/12 = \OML/cmm/m/it/12 r[]\OMS/cmsy/m/n
/12 k\OML/cmm/m/it/12 r[]$ [] [] [] [] [] [] [] [] [] [] [] [] [] [] [] [] []  
[] [] [] [] [] [] [] [] []  $R[] \OMS/cmsy/m/n/12 
 []

<fig/schematic/opa2.png, id=286, 889.3225pt x 1091.57813pt>
File: fig/schematic/opa2.png Graphic file (type png)
<use fig/schematic/opa2.png>
Package luatex.def Info: fig/schematic/opa2.png  used on input line 471.
(luatex.def)             Requested size: 364.19667pt x 447.01694pt.


[11]

[12<./fig/schematic/opa2.png>]

[13]
<fig/schematic/OVC.png, id=321, 1209.51875pt x 970.62625pt>
File: fig/schematic/OVC.png Graphic file (type png)
<use fig/schematic/OVC.png>
Package luatex.def Info: fig/schematic/OVC.png  used on input line 533.
(luatex.def)             Requested size: 273.14923pt x 219.19606pt.


[14]

[15<./fig/schematic/OVC.png>]
<fig/schematic/thermal_shutdown.png, id=341, 740.26563pt x 557.58313pt>
File: fig/schematic/thermal_shutdown.png Graphic file (type png)
<use fig/schematic/thermal_shutdown.png>
Package luatex.def Info: fig/schematic/thermal_shutdown.png  used on input line
 565.
(luatex.def)             Requested size: 364.19667pt x 274.32417pt.
<fig/schematic/EN.png, id=342, 161.60374pt x 55.20625pt>
File: fig/schematic/EN.png Graphic file (type png)
<use fig/schematic/EN.png>
Package luatex.def Info: fig/schematic/EN.png  used on input line 586.
(luatex.def)             Requested size: 364.19667pt x 124.42178pt.


[16<./fig/schematic/thermal_shutdown.png>]
<fig/schematic/psrr.png, id=351, 983.675pt x 515.9275pt>
File: fig/schematic/psrr.png Graphic file (type png)
<use fig/schematic/psrr.png>
Package luatex.def Info: fig/schematic/psrr.png  used on input line 616.
(luatex.def)             Requested size: 364.19667pt x 191.01614pt.


[17<./fig/schematic/EN.png>]

[18<./fig/schematic/psrr.png>]
<fig/bandgap/vref.png, id=368, 1356.06625pt x 1177.39874pt>
File: fig/bandgap/vref.png Graphic file (type png)
<use fig/bandgap/vref.png>
Package luatex.def Info: fig/bandgap/vref.png  used on input line 650.
(luatex.def)             Requested size: 364.19667pt x 316.19518pt.


[19<./fig/bandgap/vref.png>]
<fig/bandgap/power.png, id=379, 1378.14874pt x 1184.425pt>
File: fig/bandgap/power.png Graphic file (type png)
<use fig/bandgap/power.png>
Package luatex.def Info: fig/bandgap/power.png  used on input line 664.
(luatex.def)             Requested size: 364.19667pt x 313.00363pt.
<fig/bandgap/phase&gain.png, id=381, 1421.31pt x 1083.04625pt>
File: fig/bandgap/phase&gain.png Graphic file (type png)
<use fig/bandgap/phase&gain.png>
Package luatex.def Info: fig/bandgap/phase&gain.png  used on input line 671.
(luatex.def)             Requested size: 364.19667pt x 277.52pt.


[20<./fig/bandgap/power.png>]
LaTeX Font Info:    Font shape `JT3/STSong(0)/m/n' will be
(Font)              scaled to size 7.69775pt on input line 680.
(load cache: extra_lmroman5-regular.luc)
LaTeX Font Info:    Font shape `JY3/STSong(0)/m/n' will be
(Font)              scaled to size 4.8111pt on input line 682.

Overfull \hbox (4.09128pt too wide) in paragraph at lines 702--703
[][] [] [][]\TU/lmr/m/n/12 3[][] [] [] []  [] 3.165--3.435V [] [] [] [] [] [] [
] []  Bandgap [] [] [] [] [] 11.47--24.81ppm/$[][]$C[]
 []

<fig/bandgap/powerup.png, id=392, 1348.03625pt x 1184.425pt>
File: fig/bandgap/powerup.png Graphic file (type png)
<use fig/bandgap/powerup.png>
Package luatex.def Info: fig/bandgap/powerup.png  used on input line 709.
(luatex.def)             Requested size: 218.51521pt x 191.98785pt.
<fig/bandgap/powerdown.png, id=393, 1348.03625pt x 1178.4025pt>
File: fig/bandgap/powerdown.png Graphic file (type png)
<use fig/bandgap/powerdown.png>
Package luatex.def Info: fig/bandgap/powerdown.png  used on input line 716.
(luatex.def)             Requested size: 218.51521pt x 191.01164pt.


[21<./fig/bandgap/phase&gain.png>]

[22<./fig/bandgap/powerup.png><./fig/bandgap/powerdown.png>]
<fig/psr/gain&phase_1.4.png, id=406, 1373.13pt x 1182.4175pt>
File: fig/psr/gain&phase_1.4.png Graphic file (type png)
<use fig/psr/gain&phase_1.4.png>
Package luatex.def Info: fig/psr/gain&phase_1.4.png  used on input line 734.
(luatex.def)             Requested size: 273.14923pt x 235.1983pt.
<fig/psr/gain&phase_1.8.png, id=407, 1409.265pt x 1195.46625pt>
File: fig/psr/gain&phase_1.8.png Graphic file (type png)
<use fig/psr/gain&phase_1.8.png>
Package luatex.def Info: fig/psr/gain&phase_1.8.png  used on input line 791.
(luatex.def)             Requested size: 273.14923pt x 231.70128pt.


[23

<./fig/psr/gain&phase_1.4.png>]
<fig/psr/gain&phase_2.4.png, id=414, 1383.1675pt x 1178.4025pt>
File: fig/psr/gain&phase_2.4.png Graphic file (type png)
<use fig/psr/gain&phase_2.4.png>
Package luatex.def Info: fig/psr/gain&phase_2.4.png  used on input line 848.
(luatex.def)             Requested size: 273.14923pt x 232.70946pt.


[24<./fig/psr/gain&phase_1.8.png>]

[25<./fig/psr/gain&phase_2.4.png>]
<fig/thermal_shutdown/temp_up.png, id=427, 1128.215pt x 1172.38pt>
File: fig/thermal_shutdown/temp_up.png Graphic file (type png)
<use fig/thermal_shutdown/temp_up.png>
Package luatex.def Info: fig/thermal_shutdown/temp_up.png  used on input line 9
12.
(luatex.def)             Requested size: 218.51521pt x 227.06577pt.
<fig/thermal_shutdown/temp_down.png, id=428, 1044.90375pt x 1169.36874pt>
File: fig/thermal_shutdown/temp_down.png Graphic file (type png)
<use fig/thermal_shutdown/temp_down.png>
Package luatex.def Info: fig/thermal_shutdown/temp_down.png  used on input line
 919.
(luatex.def)             Requested size: 218.51521pt x 244.53978pt.
<fig/OVC/1.8out.png, id=429, 951.555pt x 1174.3875pt>
File: fig/OVC/1.8out.png Graphic file (type png)
<use fig/OVC/1.8out.png>
Package luatex.def Info: fig/OVC/1.8out.png  used on input line 951.
(luatex.def)             Requested size: 227.62206pt x 280.92694pt.


[26<./fig/Thermal_shutdown/temp_up.png><./fig/Thermal_shutdown/temp_down.png>]
<fig/en/en.png, id=436, 1739.49875pt x 1181.41376pt>
File: fig/en/en.png Graphic file (type png)
<use fig/en/en.png>
Package luatex.def Info: fig/en/en.png  used on input line 983.
(luatex.def)             Requested size: 364.19667pt x 247.34708pt.


[27<./fig/OVC/1.8out.png>]
<fig/output_votage/36_out.png, id=442, 1132.23pt x 1184.425pt>
File: fig/output_votage/36_out.png Graphic file (type png)
<use fig/output_votage/36_out.png>
Package luatex.def Info: fig/output_votage/36_out.png  used on input line 1004.

(luatex.def)             Requested size: 181.38509pt x 189.75443pt.
(load cache: extra_lmroman7-regular.luc)
LaTeX Font Info:    Font shape `JY3/STSong(0)/m/n' will be
(Font)              scaled to size 6.73553pt on input line 1005.
<fig/output_votage/3.6_out.png, id=443, 1224.575pt x 1174.3875pt>
File: fig/output_votage/3.6_out.png Graphic file (type png)
<use fig/output_votage/3.6_out.png>
Package luatex.def Info: fig/output_votage/3.6_out.png  used on input line 1011
.
(luatex.def)             Requested size: 197.86061pt x 189.75443pt.
<fig/output_votage/2_out.png, id=444, 1301.86375pt x 1193.45876pt>
File: fig/output_votage/2_out.png Graphic file (type png)
<use fig/output_votage/2_out.png>
Package luatex.def Info: fig/output_votage/2_out.png  used on input line 1019.
(luatex.def)             Requested size: 206.97151pt x 189.75443pt.


[28<./fig/en/en.png>]
<fig/output_votage/1.8V_out.png, id=451, 1195.46625pt x 1166.3575pt>
File: fig/output_votage/1.8V_out.png Graphic file (type png)
<use fig/output_votage/1.8V_out.png>
Package luatex.def Info: fig/output_votage/1.8V_out.png  used on input line 103
3.
(luatex.def)             Requested size: 227.62206pt x 222.07295pt.


[29<./fig/output_votage/36_out.png><./fig/output_votage/3.6_out.png><./fig/outpu
t_votage/2_out.png>]
<fig/output_votage/1.4V_out.png, id=457, 1022.82124pt x 1160.335pt>
File: fig/output_votage/1.4V_out.png Graphic file (type png)
<use fig/output_votage/1.4V_out.png>
Package luatex.def Info: fig/output_votage/1.4V_out.png  used on input line 106
1.
(luatex.def)             Requested size: 227.62206pt x 258.21356pt.


[30<./fig/output_votage/1.8V_out.png>]
<fig/output_votage/2.4V_out.png, id=465, 1072.005pt x 1180.41pt>
File: fig/output_votage/2.4V_out.png Graphic file (type png)
<use fig/output_votage/2.4V_out.png>
Package luatex.def Info: fig/output_votage/2.4V_out.png  used on input line 108
9.
(luatex.def)             Requested size: 227.62206pt x 250.63118pt.


[31<./fig/output_votage/1.4V_out.png>]
LaTeX Font Info:    Font shape `JT3/STSong(0)/m/n' will be
(Font)              scaled to size 5.77332pt on input line 1118.


[32<./fig/output_votage/2.4V_out.png>]

[33]
<fig/psr/psr_1.4.png, id=485, 1369.115pt x 1182.4175pt>
File: fig/psr/psr_1.4.png Graphic file (type png)
<use fig/psr/psr_1.4.png>
Package luatex.def Info: fig/psr/psr_1.4.png  used on input line 1161.
(luatex.def)             Requested size: 227.62206pt x 196.56993pt.
<fig/psr/psr_1.8.png, id=486, 1371.1225pt x 1181.41376pt>
File: fig/psr/psr_1.8.png Graphic file (type png)
<use fig/psr/psr_1.8.png>
Package luatex.def Info: fig/psr/psr_1.8.png  used on input line 1218.
(luatex.def)             Requested size: 227.62206pt x 196.11462pt.


[34

<./fig/psr/psr_1.4.png>]
<fig/psr/psr_2.4.png, id=493, 1366.10374pt x 1181.41376pt>
File: fig/psr/psr_2.4.png Graphic file (type png)
<use fig/psr/psr_2.4.png>
Package luatex.def Info: fig/psr/psr_2.4.png  used on input line 1275.
(luatex.def)             Requested size: 227.62206pt x 196.83571pt.


[35<./fig/psr/psr_1.8.png>]

[36<./fig/psr/psr_2.4.png>]
Overfull \hbox (8.36945pt too wide) in paragraph at lines 1347--1348
[][] |\JY3/STSong(0)/b/n/12 上 [] [] [] [] [] []  [] [] [] \TU/lmr/m/n/12 1kHz [] [] [] [] [] [] [] [] [] [] [] [] [] [] []  [] [] $\OMS/cmsy/m/n/12 j\OML/cmm/m/it/12 PSR\OMS/cmsy/m/n/12 j$ [] [] \TU/lmr/m/n/12 100.90dB[]
 []

<fig/power/1.8V_out.png, id=506, 1086.0575pt x 1175.39125pt>
File: fig/power/1.8V_out.png Graphic file (type png)
<use fig/power/1.8V_out.png>
Package luatex.def Info: fig/power/1.8V_out.png  used on input line 1360.
(luatex.def)             Requested size: 227.62206pt x 246.33727pt.


[37]
<fig/power/1.4V_out.png, id=514, 1097.09875pt x 1180.41pt>
File: fig/power/1.4V_out.png Graphic file (type png)
<use fig/power/1.4V_out.png>
Package luatex.def Info: fig/power/1.4V_out.png  used on input line 1388.
(luatex.def)             Requested size: 227.62206pt x 244.90349pt.


[38<./fig/power/1.8V_out.png>]
<fig/power/2.4V_out.png, id=521, 1326.9575pt x 1174.3875pt>
File: fig/power/2.4V_out.png Graphic file (type png)
<use fig/power/2.4V_out.png>
Package luatex.def Info: fig/power/2.4V_out.png  used on input line 1416.
(luatex.def)             Requested size: 227.62206pt x 201.4352pt.


[39<./fig/power/1.4V_out.png><./fig/power/2.4V_out.png>]
<fig/OVC/1.4out.png, id=529, 1034.86626pt x 1186.4325pt>
File: fig/OVC/1.4out.png Graphic file (type png)
<use fig/OVC/1.4out.png>
Package luatex.def Info: fig/OVC/1.4out.png  used on input line 1453.
(luatex.def)             Requested size: 227.62206pt x 260.94354pt.
File: fig/OVC/1.8out.png Graphic file (type png)
<use fig/OVC/1.8out.png>
Package luatex.def Info: fig/OVC/1.8out.png  used on input line 1459.
(luatex.def)             Requested size: 227.62206pt x 280.92694pt.
<fig/OVC/2.4out.png, id=530, 981.6675pt x 1182.4175pt>
File: fig/OVC/2.4out.png Graphic file (type png)
<use fig/OVC/2.4out.png>
Package luatex.def Info: fig/OVC/2.4out.png  used on input line 1465.
(luatex.def)             Requested size: 227.62206pt x 274.1695pt.


[40<./fig/OVC/1.4out.png>]
<fig/thermal_shutdown/temp_up_ctrl.png, id=538, 1125.20375pt x 1160.335pt>
File: fig/thermal_shutdown/temp_up_ctrl.png Graphic file (type png)
<use fig/thermal_shutdown/temp_up_ctrl.png>
Package luatex.def Info: fig/thermal_shutdown/temp_up_ctrl.png  used on input l
ine 1472.
(luatex.def)             Requested size: 227.62206pt x 234.71867pt.
<fig/thermal_shutdown/temp_down_ctrl.png, id=539, 1061.9675pt x 1175.39125pt>
File: fig/thermal_shutdown/temp_down_ctrl.png Graphic file (type png)
<use fig/thermal_shutdown/temp_down_ctrl.png>
Package luatex.def Info: fig/thermal_shutdown/temp_down_ctrl.png  used on input
 line 1478.
(luatex.def)             Requested size: 227.62206pt x 251.93298pt.


[41<./fig/OVC/2.4out.png>]

[42<./fig/Thermal_shutdown/temp_up_ctrl.png><./fig/Thermal_shutdown/temp_down_ct
rl.png>]
<fig/layout/Error_Amplifier_layout.png, id=553, 840.13875pt x 710.655pt>
File: fig/layout/Error_Amplifier_layout.png Graphic file (type png)
<use fig/layout/Error_Amplifier_layout.png>
Package luatex.def Info: fig/layout/Error_Amplifier_layout.png  used on input l
ine 1511.
(luatex.def)             Requested size: 218.51521pt x 184.831pt.
<fig/layout/current_limit_layout.png, id=554, 1214.5375pt x 643.40375pt>
File: fig/layout/current_limit_layout.png Graphic file (type png)
<use fig/layout/current_limit_layout.png>
Package luatex.def Info: fig/layout/current_limit_layout.png  used on input lin
e 1518.
(luatex.def)             Requested size: 218.51521pt x 115.75859pt.
<fig/layout/Thermal_Shutdown_layout.png, id=555, 1048.91875pt x 704.6325pt>
File: fig/layout/Thermal_Shutdown_layout.png Graphic file (type png)
<use fig/layout/Thermal_Shutdown_layout.png>
Package luatex.def Info: fig/layout/Thermal_Shutdown_layout.png  used on input 
line 1527.
(luatex.def)             Requested size: 218.51521pt x 146.78374pt.
<fig/layout/Digital_layout.png, id=556, 677.53125pt x 703.62875pt>
File: fig/layout/Digital_layout.png Graphic file (type png)
<use fig/layout/Digital_layout.png>
Package luatex.def Info: fig/layout/Digital_layout.png  used on input line 1534
.
(luatex.def)             Requested size: 218.51521pt x 226.92657pt.
<fig/layout/Error_Amplifier_DRC.png, id=557, 893.3375pt x 679.53876pt>
File: fig/layout/Error_Amplifier_DRC.png Graphic file (type png)
<use fig/layout/Error_Amplifier_DRC.png>
Package luatex.def Info: fig/layout/Error_Amplifier_DRC.png  used on input line
 1550.
(luatex.def)             Requested size: 218.51521pt x 166.21367pt.
<fig/layout/Error_Amplifier_LVS.png, id=558, 1696.3375pt x 1287.81125pt>
File: fig/layout/Error_Amplifier_LVS.png Graphic file (type png)
<use fig/layout/Error_Amplifier_LVS.png>
Package luatex.def Info: fig/layout/Error_Amplifier_LVS.png  used on input line
 1557.
(luatex.def)             Requested size: 218.51521pt x 165.88861pt.
<fig/layout/Error_Amplifier_ERC.png, id=559, 1699.34875pt x 1290.8225pt>
File: fig/layout/Error_Amplifier_ERC.png Graphic file (type png)
<use fig/layout/Error_Amplifier_ERC.png>
Package luatex.def Info: fig/layout/Error_Amplifier_ERC.png  used on input line
 1566.
(luatex.def)             Requested size: 218.51521pt x 165.98105pt.


[43<./fig/layout/Error_Amplifier_layout.png><./fig/layout/current_limit_layout.p
ng><./fig/layout/Thermal_Shutdown_layout.png><./fig/layout/Digital_layout.png>]
<fig/layout/current_limit_DRC.png, id=569, 886.31125pt x 680.5425pt>
File: fig/layout/current_limit_DRC.png Graphic file (type png)
<use fig/layout/current_limit_DRC.png>
Package luatex.def Info: fig/layout/current_limit_DRC.png  used on input line 1
578.
(luatex.def)             Requested size: 145.68144pt x 111.8589pt.
<fig/layout/current_limit_LVS.png, id=570, 895.345pt x 682.55pt>
File: fig/layout/current_limit_LVS.png Graphic file (type png)
<use fig/layout/current_limit_LVS.png>
Package luatex.def Info: fig/layout/current_limit_LVS.png  used on input line 1
585.
(luatex.def)             Requested size: 145.68144pt x 111.05365pt.
<fig/layout/current_limit_ERC.png, id=571, 889.3225pt x 677.53125pt>
File: fig/layout/current_limit_ERC.png Graphic file (type png)
<use fig/layout/current_limit_ERC.png>
Package luatex.def Info: fig/layout/current_limit_ERC.png  used on input line 1
592.
(luatex.def)             Requested size: 145.68144pt x 110.98145pt.
<fig/layout/Thermal_Shutdown_DRC.png, id=572, 890.32625pt x 683.55376pt>
File: fig/layout/Thermal_Shutdown_DRC.png Graphic file (type png)
<use fig/layout/Thermal_Shutdown_DRC.png>
Package luatex.def Info: fig/layout/Thermal_Shutdown_DRC.png  used on input lin
e 1604.
(luatex.def)             Requested size: 145.68144pt x 111.84279pt.
<fig/layout/Thermal_Shutdown_LVS.png, id=573, 893.3375pt x 674.52pt>
File: fig/layout/Thermal_Shutdown_LVS.png Graphic file (type png)
<use fig/layout/Thermal_Shutdown_LVS.png>
Package luatex.def Info: fig/layout/Thermal_Shutdown_LVS.png  used on input lin
e 1611.
(luatex.def)             Requested size: 145.68144pt x 109.99416pt.
<fig/layout/Thermal_Shutdown_ERC.png, id=574, 886.31125pt x 676.5275pt>
File: fig/layout/Thermal_Shutdown_ERC.png Graphic file (type png)
<use fig/layout/Thermal_Shutdown_ERC.png>
Package luatex.def Info: fig/layout/Thermal_Shutdown_ERC.png  used on input lin
e 1618.
(luatex.def)             Requested size: 145.68144pt x 111.19897pt.


[44<./fig/layout/Error_Amplifier_DRC.png><./fig/layout/Error_Amplifier_LVS.png><
./fig/layout/Error_Amplifier_ERC.png><./fig/layout/current_limit_DRC.png><./fig/
layout/current_limit_LVS.png><./fig/layout/current_limit_ERC.png>]
<fig/layout/Digital_DRC.png, id=588, 896.34875pt x 698.61pt>
File: fig/layout/Digital_DRC.png Graphic file (type png)
<use fig/layout/Digital_DRC.png>
Package luatex.def Info: fig/layout/Digital_DRC.png  used on input line 1630.
(luatex.def)             Requested size: 145.68144pt x 113.53876pt.
<fig/layout/Digital_LVS.png, id=589, 888.31876pt x 685.56125pt>
File: fig/layout/Digital_LVS.png Graphic file (type png)
<use fig/layout/Digital_LVS.png>
Package luatex.def Info: fig/layout/Digital_LVS.png  used on input line 1637.
(luatex.def)             Requested size: 145.68144pt x 112.4223pt.
<fig/layout/Digital_ERC.png, id=590, 892.33376pt x 683.55376pt>
File: fig/layout/Digital_ERC.png Graphic file (type png)
<use fig/layout/Digital_ERC.png>
Package luatex.def Info: fig/layout/Digital_ERC.png  used on input line 1644.
(luatex.def)             Requested size: 145.68144pt x 111.59245pt.


[45<./fig/layout/Thermal_Shutdown_DRC.png><./fig/layout/Thermal_Shutdown_LVS.png
><./fig/layout/Thermal_Shutdown_ERC.png><./fig/layout/Digital_DRC.png><./fig/lay
out/Digital_LVS.png><./fig/layout/Digital_ERC.png>]
Overfull \hbox (5.43053pt too wide) in paragraph at lines 1677--1678
[][] [] [] [] [] \TU/lmr/m/n/12 PVT [] [] [] [] [] [] [] [] [] [] [] 1kHz [] []
 [] [] [] [] []  [] [] PSR [] [] 100.90dB []
 []



[46](load cache: extra_lmroman12-italic.luc)
LaTeX Font Info:    Kanji font shape `JY3/STSong(0)/m/it' undefined
(Font)              No change on input line 1702.
LaTeX Font Info:    Kanji font shape `JY3/STSong(0)/m/it' undefined
(Font)              No change on input line 1703.
LaTeX Font Info:    Kanji font shape `JY3/STSong(0)/m/it' undefined
(Font)              No change on input line 1704.
LaTeX Font Info:    Kanji font shape `JY3/STSong(0)/m/it' undefined
(Font)              No change on input line 1705.
LaTeX Font Info:    Kanji font shape `JY3/STSong(0)/m/it' undefined
(Font)              No change on input line 1706.
LaTeX Font Info:    Kanji font shape `JY3/STSong(0)/m/it' undefined
(Font)              No change on input line 1707.
LaTeX Font Info:    Kanji font shape `JY3/STSong(0)/m/it' undefined
(Font)              No change on input line 1708.
LaTeX Font Info:    Kanji font shape `JY3/STSong(0)/m/it' undefined
(Font)              No change on input line 1709.
LaTeX Font Info:    Kanji font shape `JY3/STSong(0)/m/it' undefined
(Font)              No change on input line 1710.
LaTeX Font Info:    Kanji font shape `JY3/STSong(0)/m/it' undefined
(Font)              No change on input line 1711.


[47] (./main.aux)
 ***********
LaTeX2e <2024-11-01> patch level 2
L3 programming layer <2025-01-18>
 ***********


LaTeX Font Warning: Some font shapes were not available, defaults substituted.

Package rerunfilecheck Info: File `main.out' has not changed.
(rerunfilecheck)             Checksum: 2D632CE7FE98B838AA45C2838E156627;3876.
)

Here is how much of LuaTeX's memory you used:
 24364 strings out of 475506
 244629,1144653 words of node,token memory allocated
 1022 words of node memory still in use:
   10 hlist, 2 vlist, 5 rule, 2 glue, 4 kern, 1 glyph, 179 attribute, 59 glue_sp
ec, 27 attribute_list, 1 write, 13 user_defined nodes
   avail lists: 1:42,2:68225,3:444,4:840,5:248,6:102,7:7884,8:73,9:1753,10:20,11
:176
 46538 multiletter control sequences out of 65536+600000
 98 fonts using 107610359 bytes
 107i,12n,115p,1864b,1048s stack positions out of 10000i,1000n,20000p,200000b,200000s
<c:/texlive/2025/texmf-dist/fonts/opentype/public/lm/lmroman12-italic.otf><c:/te
xlive/2025/texmf-dist/fonts/opentype/public/lm/lmroman6-regular.otf><c:/texlive/
2025/texmf-dist/fonts/opentype/public/lm/lmroman8-regular.otf><c:/texlive/2025/t
exmf-dist/fonts/opentype/public/lm/lmroman10-regular.otf><c:/texlive/2025/texmf-
dist/fonts/opentype/public/lm/lmroman12-regular.otf><c:/texlive/2025/texmf-dist/
fonts/opentype/public/lm/lmroman12-bold.otf><c:/texlive/2025/texmf-dist/fonts/op
entype/public/lm/lmroman17-regular.otf><c:/Windows/Fonts/STSONG.TTF><c:/texlive/
2025/texmf-dist/fonts/type1/public/amsfonts/cm/cmex10.pfb><c:/texlive/2025/texmf
-dist/fonts/type1/public/amsfonts/cm/cmmi10.pfb><c:/texlive/2025/texmf-dist/font
s/type1/public/amsfonts/cm/cmmi12.pfb><c:/texlive/2025/texmf-dist/fonts/type1/pu
blic/amsfonts/cm/cmmi6.pfb><c:/texlive/2025/texmf-dist/fonts/type1/public/amsfon
ts/cm/cmmi7.pfb><c:/texlive/2025/texmf-dist/fonts/type1/public/amsfonts/cm/cmmi8
.pfb><c:/texlive/2025/texmf-dist/fonts/type1/public/amsfonts/cm/cmr10.pfb><c:/te
xlive/2025/texmf-dist/fonts/type1/public/amsfonts/cm/cmr12.pfb><c:/texlive/2025/
texmf-dist/fonts/type1/public/amsfonts/cm/cmr6.pfb><c:/texlive/2025/texmf-dist/f
onts/type1/public/amsfonts/cm/cmr8.pfb><c:/texlive/2025/texmf-dist/fonts/type1/p
ublic/amsfonts/cm/cmsy10.pfb><c:/texlive/2025/texmf-dist/fonts/type1/public/amsf
onts/cm/cmsy6.pfb><c:/texlive/2025/texmf-dist/fonts/type1/public/amsfonts/cm/cms
y8.pfb>
Output written on main.pdf (48 pages, 22996555 bytes).

PDF statistics: 730 PDF objects out of 1000 (max. 8388607)
 563 compressed objects within 6 object streams
 209 named destinations out of 1000 (max. 131072)
 289 words of extra memory for PDF output out of 10000 (max. 100000000)

